212
53 17
34438 20614 68221 1081 46844 42857 89237 2052 92795 33701 88550 485 69069 47390 10840 36519 41936
1949 19
92255 48072 74413 79786 95808 68268 93445 39483 41699 16774 12952 28930 10726 20192 14974 13408 39456 12894 95587
2297 15
96164 16237 5334 57288 77180 16075 82945 78316 22963 81718 85873 35383 99721 87178 21985
3953 12
63764 68457 49053 70481 63055 65814 60524 15797 96807 12102 6540 68152
4705 11
16693 24748 75570 10647 91077 63942 10386 58723 16611 64253 84543
4871 15
28760 78461 15714 13389 91211 11154 46545 90238 34382 51321 89423 57333 2366 41249 46095
7327 13
68068 31900 43889 80631 86635 82152 84058 5400 80491 88070 69763 25098 70427
8149 17
8114 67563 48828 5390 60587 95323 79977 45764 29581 37878 26097 60856 68776 92237 43735 8825 41119
8617 13
49478 58361 58598 12976 43651 34583 70601 37051 91209 43258 37505 10665 50585
9566 14
21662 74699 21173 75914 83150 46817 16341 79915 7086 95875 28074 2708 29875 36689
9772 16
36444 57878 42536 1849 65440 8958 31907 27022 58371 84599 29979 92054 50126 80551 33519 53241
18 19
94970 97138 10051 35700 31067 49892 65313 11530 97857 7958 93066 63103 12759 33058 80912 57286 85050 57527 16395
198 17
71974 13950 4479 36914 56512 59220 12344 99396 58614 95184 70408 55915 30639 19472 72902 35119 84576
650 16
39173 58005 38374 90923 48043 55543 58337 16989 55530 14939 77857 25678 52738 73503 46377 4715
1634 10
77238 55045 38460 97829 26790 12499 65210 3080 55133 9434
1760 17
76691 55459 79895 54642 20750 15645 43019 92956 36624 45113 6511 60475 62212 52837 87532 37441 28056
2380 10
36661 89921 88638 97123 5349 81639 20060 53577 36377 29055
3938 11
74640 73614 54955 15293 98285 93364 4945 94412 39285 33462 21216
6550 11
45499 935 22510 51146 70489 37665 27701 43644 31858 1646 78474
7305 13
88774 27272 16722 62460 47502 27019 78827 97494 87779 88145 51487 67945 34649
8696 18
70193 98643 27622 93473 39603 99444 39358 92934 99016 89095 196 3512 58053 31755 51478 91747 18658 84686
8917 10
8590 48421 4518 24056 66609 97535 31884 96697 80541 47402
111 17
28172 79265 57518 37310 22635 29340 29929 67932 11256 35007 81758 83947 13054 26049 52206 52560 47424
122 17
27052 96196 71411 80870 58698 61397 57140 78548 10280 82929 19674 84065 97542 348 1508 34561 85782
1864 15
62823 63472 90046 94165 80435 1859 80665 40054 9537 7363 43555 55489 9640 80937 49214
5134 20
36546 24031 98491 80085 18216 45712 25044 38049 82438 7110 23723 90342 18647 39089 87374 336 34423 12126 26392 25871
6241 15
76243 32503 16714 68557 48588 17650 445 99242 40459 7000 66983 64122 54860 82458 79834
7989 20
77297 76795 64907 58576 56267 53435 55542 5199 44784 82536 64453 79080 43434 52530 87233 64529 23865 17832 35226 44667
9255 19
41534 12472 92316 49339 17072 39922 3867 1144 69524 31314 80123 96393 52073 15898 41987 72151 22245 61460 75486
1023 18
5841 90664 38995 99727 50040 21811 37802 61802 21450 61376 98798 61266 71155 99666 34427 4440 96098 99586
1549 16
79847 37349 57094 31134 8017 35445 53053 94219 37318 41648 62642 92346 3172 80107 45602 98019
2006 18
36831 18325 32087 99567 40839 88283 25313 59882 89744 35776 650 63603 33765 10209 4430 85309 63672 77727
2346 18
90488 10597 95673 30052 32535 92879 96302 10174 76391 6164 24516 36907 60599 82756 90814 96945 38588 78570
2359 14
1819 93192 60424 89359 75399 79796 52329 15518 88659 89534 34543 26597 26566 93838
2610 10
2510 30086 18415 52991 77257 29074 23004 59687 69271 58490
2732 13
53238 78112 57617 44925 25559 14852 30265 39488 52822 83753 1690 86740 25693
2863 20
32764 78979 44359 31259 51734 37169 24368 67841 49484 43423 86319 31051 13741 31521 56231 78756 53101 48403 61157 3875
4193 19
58468 30722 86932 74523 26223 79439 89875 94900 49282 44362 35476 80164 58335 30488 64735 67078 53076 93365 43892
4460 16
64978 10232 72078 87489 49723 98197 75119 90674 65108 34683 14289 58778 51415 30481 64874 53010
5523 16
88718 63819 84530 97619 85180 58725 36786 25646 43760 77244 80891 89923 63114 15345 77358 60482
6754 12
483 40281 99229 38935 78288 84907 71665 73722 10191 2751 43362 60878
8279 13
55677 51508 79171 83621 84294 11023 71678 26671 60962 96191 31334 94562 58903
8384 19
90563 99047 32640 85815 17052 76834 75675 16351 49815 38441 26953 96685 41351 85115 4499 69090 49302 91552 21161
8490 18
96904 99440 80733 53624 64741 58644 44124 83738 15784 42431 22861 6348 60636 44438 76657 43679 51451 89102
9092 16
74133 65413 11690 28235 28442 12137 72115 98534 34839 76637 22398 99214 38880 49678 68700 97920
9829 17
38008 27200 23547 53262 49764 7679 51163 93050 96222 93450 98856 49693 23834 34299 95282 55735 21614
9927 15
61334 37715 63293 88913 44756 36090 59168 24788 88007 54450 24786 56497 90477 38334 97048
1004 19
12476 24266 47663 66936 60851 70935 67057 20372 29608 68893 46433 83921 86839 36709 69036 14268 32792 86153 42175
1161 15
61360 67340 12005 42867 32336 21836 57231 89199 94655 81858 90935 43102 18408 66458 27306
1559 11
98057 27268 37691 37562 34154 15680 37490 60280 23534 88068 27711
1800 18
29767 61301 2928 28974 86221 85693 10837 80038 81844 76845 50272 46514 92297 79079 66881 62507 42465 16835
3428 17
62725 73237 6476 64040 17974 13382 34586 61004 21438 17401 88073 84795 1600 13845 50016 58179 97281
5724 10
72490 32373 56660 76173 31017 45041 61197 51498 82813 26040
8738 16
3747 62773 93129 56970 74880 57352 2109 47800 35017 19342 16402 77429 62432 67224 50022 97218
8758 14
31212 48940 84986 42372 32723 52163 64564 62112 10160 32081 95718 64549 58259 62177
115 17
43919 30290 53944 77953 73279 33897 32628 49586 15648 91484 54193 20209 39446 8895 23169 73820 64846
479 18
96152 42236 97360 81514 80698 32041 23458 26920 17379 64219 28854 55496 41851 47812 2282 47364 64426 24773
806 15
80899 6392 93565 38742 1658 24479 5116 55355 35081 2535 88372 35778 5917 4380 86327
2882 19
48365 65968 28509 74610 52759 25301 24474 12668 42454 60389 44254 28983 48071 32778 18541 14602 46318 96231 40969
4059 18
44623 64562 2207 23163 37332 55389 69089 47181 40831 89021 31338 77216 23740 50300 74253 94117 45318 15744
6897 18
98729 40992 37663 83195 51653 48040 92588 87320 90760 26557 87551 28763 66333 17329 33972 18191 63725 71514
7281 19
91321 47783 66180 98971 11716 22834 19599 94426 86692 48115 66275 82387 27078 15517 28638 62891 44083 36733 14761
8530 17
99083 77399 80443 8381 91150 59461 60660 23177 85590 73691 23581 55284 41178 34077 11668 40785 97609
8691 11
94375 85133 85085 13814 42964 7862 9359 58366 45643 17970 42103
9128 19
17630 32188 73064 71063 22437 47081 68941 68039 15489 95048 38762 85025 48970 702 76735 50415 44058 63161 2513
9447 10
67787 91711 22079 63988 90470 13062 52695 51180 67027 55148
587 18
78902 86943 89336 22333 83556 56036 45745 16694 95691 22956 46088 19769 60024 62957 63862 77839 88233 66602
627 17
66128 32183 70449 71114 50143 34286 75975 32393 26326 17293 1942 99975 97203 16614 48057 70124 99006
1045 13
96599 69818 88384 65076 3224 74206 47400 71832 38169 48935 75065 3302 63364
4758 16
25211 79679 90219 34038 2064 14436 4863 38388 45662 97465 7861 59379 49944 37088 27435 17763
6129 13
53345 64141 84610 57755 64787 902 52389 25690 31435 57190 48708 76131 52662
7819 18
53366 71638 34188 89843 91746 25450 19594 85847 86881 39481 86126 95488 94834 14991 4814 42738 78029 23623
2143 13
6510 7098 35235 27414 91840 15504 5304 96194 57799 51696 42005 21780 15278
3546 19
3239 58788 31252 88967 24970 70624 41151 63771 40965 48404 66073 12530 2140 28472 60493 75140 95905 59117 31503
4330 16
14324 1917 10917 49984 67255 15997 5385 48617 34591 20812 15011 76258 81214 91809 48152 93571
5804 11
870 47414 51211 36176 64554 80194 670 75360 25674 95295 75216
7368 11
741 69263 37958 85899 29604 86403 1968 36370 34886 3845 4774
7791 14
11867 77344 4834 10498 95532 54634 53912 64937 80875 21881 46804 82494 72553 31860
8791 15
90278 35825 28240 6874 57771 21853 81340 84821 95857 35731 8 9686 62180 36398 4862
177 17
11483 75184 75599 7055 24216 38352 41108 1912 35667 75169 18610 63090 39513 96574 74518 28258 7610
1296 12
99852 32801 32426 13309 24410 11811 79681 77868 44919 39074 20765 82085
1351 20
53832 84415 56161 84645 35371 4659 37339 41679 32836 22529 44353 12927 60799 26694 67426 44533 95318 42876 33146 20506
6644 20
85762 48669 70965 17094 48466 84241 47 64338 10906 38719 27413 74084 41630 47664 79905 72766 2636 93601 67494 83149
7491 11
62967 5470 27609 85993 50784 97991 71027 20065 16468 72248 82901
8728 15
15046 86410 8093 61019 70299 54948 41689 8391 12591 48773 61302 9908 56873 23287 11810
9918 10
61179 31687 75861 17264 86023 38851 21172 10556 56613 41231
399 16
93804 28454 97031 28770 56648 68117 26830 58404 22951 18196 14260 39007 87547 65673 28862 44816
3216 14
88824 38311 2702 22506 1565 95850 81829 90026 50929 29661 70271 157 71640 15007
3612 17
56187 84864 67617 90681 98067 30853 72375 8514 20952 61596 93361 50798 88986 43832 47198 12183 3476
5020 18
36724 22794 37876 20488 88294 26925 48393 85821 68507 35941 9736 53206 68602 14189 14967 66620 16779 19389
5348 14
60071 13417 99649 47323 19614 68160 5172 53184 66993 20281 77439 90828 2603 94912
5771 13
11905 73422 10691 74632 2163 96921 86749 32042 78324 18988 79471 13099 17333
6063 13
83637 82786 51647 13619 57825 98443 16380 43492 74872 79440 59413 5908 12736
6202 12
32915 56155 3569 83570 62326 45002 56871 77543 14898 46358 34527 66713
7021 10
80317 56308 54441 47295 89562 73635 67432 96252 4252 59263
8887 16
53518 23455 34558 14664 65619 70000 51166 87898 15223 29322 71459 96755 63818 74635 86807 72719
349 18
6535 33797 18627 83541 64421 29359 2187 26141 51012 73397 74044 43578 94088 37913 13571 61642 64525 65959
1448 13
11028 28601 484 77875 51599 10290 94805 45726 80751 42280 21823 59724 39590
1653 11
89879 60890 71524 10076 55608 13365 17554 90290 77300 13143 91153
2415 13
4237 83665 85016 89510 67604 94647 24731 7116 56326 77743 13079 42538 12688
7360 15
33307 56891 34387 57264 1809 46976 85501 35140 76185 61668 46322 74104 69521 5070 9314
92 20
54575 67622 67848 78200 9552 95598 41516 96428 79788 1266 85987 48962 51504 36058 66962 28199 5828 91877 9218 50947
794 18
23753 51082 33432 45273 57344 60062 80958 2888 42423 74216 75480 17693 71341 890 21718 8863 93215 87303
1109 14
36749 63102 6725 5858 26620 15643 98464 79810 42631 29939 14151 30752 3650 96640
2754 10
18966 56974 2960 36607 73686 67102 89691 1270 2779 3362
3124 12
5075 94082 94897 97804 9079 41948 99685 46772 99336 94072 1795 87342
5002 12
80939 250 8266 81014 64415 63345 38090 91790 61988 51452 25294 51107
5339 11
64998 27088 87685 97469 59767 80504 74822 98380 4463 10078 63359
5707 16
37238 58313 61811 10695 62225 59895 32170 57138 83847 47233 34272 78099 41996 70179 69631 3811
6871 19
24508 81539 25040 51152 36792 62079 73789 76226 61223 70973 5863 9731 39410 72024 83848 54943 93851 26631 66420
81 10
89302 21165 47154 31055 36187 19843 91501 59813 2942 36129
555 16
92024 56844 71501 87634 44137 68500 31381 87175 49374 58261 4574 75099 3443 85906 53280 39013
752 12
7458 91995 81683 14461 76882 23774 41078 36806 8225 57612 68260 23340
917 19
59366 28038 81846 95967 1436 8809 70492 6221 3036 51062 71384 15173 59019 78721 36305 76723 81028 19170 38569
1427 12
66347 87502 81515 8119 84878 1187 17954 66203 37822 5052 43562 45542
3679 16
52337 89139 57304 1813 31492 87122 48431 89855 15929 20683 56351 47330 22583 29629 68980 25213
4074 15
56843 91782 97280 72022 88149 67477 87926 97880 52797 29510 401 50949 18711 18910 92362
5064 18
95073 47959 69563 79929 67180 22078 69041 66131 20974 45221 18826 38318 34409 29097 34061 15789 47329 99318
5107 14
12560 63492 9679 36041 12288 99864 72084 6905 76666 32478 70997 21400 23771 10171
6313 10
31828 57173 37157 49961 25748 60380 16907 46096 21957 47372
8181 11
25067 10037 93569 2777 83145 2003 26052 40830 46077 75586 34898
8981 18
68283 46485 9409 94855 57863 61635 81467 2687 47481 7980 62427 50091 97055 9063 38692 22146 60465 32541
416 11
44169 73438 79675 59834 45212 2480 23543 45598 69101 4039 50136
1283 12
57728 66708 53114 21708 1468 71885 75042 62307 73559 29690 66783 85506
3730 20
59832 39757 38267 13871 60684 80225 81804 38945 25445 90291 93507 21563 59024 14388 81420 44310 96102 2797 2681 62602
3944 11
17807 48445 7539 11419 96593 25300 1559 74405 73623 55292 28365
6229 10
86276 66887 88212 36051 55212 18996 83633 57838 69858 22513
6772 13
41176 43233 31575 16289 59926 16889 58777 94198 46666 27854 85942 24858 59372
6997 10
98236 13486 93922 86566 87720 75406 57198 38249 85173 32976
7193 17
66497 20132 19051 18750 30115 49679 44529 43769 75730 90054 97481 91289 69192 70625 29734 75604 99163
7984 10
38793 41813 47847 80017 93417 26194 38350 58064 46201 6441
8005 12
63512 98909 95969 84743 46080 27689 96131 45881 43573 58919 3497 98992
8109 17
56809 32346 72752 15712 49844 72947 14547 37421 97095 1415 16911 31471 70406 61103 25072 33034 96596
8795 10
32162 88389 19976 98349 30283 16610 3329 43382 876 53734
906 14
42781 44595 21105 60311 90248 2378 60537 92183 14332 22544 12478 36601 92029 54872
1195 19
31450 16869 65400 85450 16253 81296 28650 75276 7932 37522 5708 956 80520 75223 44463 19298 94556 29083 10296
1659 12
51661 3175 71362 55081 83788 70635 83539 61582 50676 11536 35160 41484
1789 16
1780 9741 90169 88014 63207 69330 19287 69239 86694 16696 21087 79097 57973 3125 26508 60089
2786 20
35050 32160 23681 39376 50448 47086 90399 5523 3695 3913 77675 81207 45513 42972 7484 31614 41896 83398 1954 20514
2942 17
25182 26278 35838 39394 50484 98260 92908 64788 3358 58142 90349 9857 59890 64335 38635 67302 53466
3091 16
98313 47447 44798 54907 90209 92699 65134 89147 16172 49903 45512 54076 20019 55104 66461 13971
3548 13
81594 36054 89245 62863 40076 74695 8316 67634 52435 63905 37906 21363 17685
3794 18
76409 3753 11995 40851 98686 54613 48787 69533 87110 13659 71557 53689 1142 84434 94951 48002 48873 52345
4439 16
42960 29441 53103 17781 41242 66662 22130 62611 53913 59669 71614 54335 94131 82337 81082 17737
5023 19
92636 91659 1710 6185 27668 44097 85047 64013 64706 45711 15150 57039 78222 78287 80293 94677 2201 93387 38213
6441 10
79934 54574 85830 61304 55799 16796 34449 75553 69699 14063
8260 16
78209 61389 23397 3390 45403 37771 90221 57601 63715 80795 82028 25495 1853 8415 32547 50258
9367 12
81653 92269 47501 59764 20365 8519 47794 87443 42672 47261 35901 58989
9486 17
47798 1840 8150 77661 68974 66364 90732 95982 34610 6050 76634 50194 25411 96144 519 66214 889
9855 12
90448 99160 8104 97682 68366 74336 48586 86874 52650 74349 45588 63470
462 20
60125 88210 19537 75995 48982 50826 49067 50809 7618 42352 66794 98341 1988 82960 38766 2159 75758 47631 37636 36766
661 12
49782 32687 69313 7633 66562 61670 72596 31190 67484 77109 31033 97316
1342 14
72081 8743 48943 41562 16979 2573 98400 2039 79922 81152 79395 41881 50652 83953
2144 18
23714 62892 38105 42863 62230 42010 23022 48235 2088 29222 52757 5620 31536 19458 79648 21874 17469 81064
2312 15
69808 90886 9135 57043 50765 74228 27131 62274 92768 53105 22867 71391 14803 7073 36818
4138 12
50186 34544 41248 32374 19429 46632 51537 23171 2259 84850 86710 69779
6953 19
31730 30273 18607 75938 23955 67396 51686 74245 43277 2983 6908 86138 40815 93490 48513 15608 19506 48282 90005
7175 14
69357 28853 53572 8021 9119 11433 6788 18506 36797 62945 87396 47884 4946 33226
7358 13
9049 67184 96224 14871 67811 13172 43419 52601 32745 79290 1476 20763 98001
9100 20
45742 60721 38358 15825 56360 68814 21074 24598 2589 54753 41374 72417 33352 22298 27530 32064 91585 24539 28685 15500
1349 14
44386 86425 39489 84547 11514 80511 32297 53115 63865 72304 54100 33970 69507 11738
1642 17
86690 83084 18163 61835 88035 40282 6584 43505 42921 73373 87954 59202 56694 95793 44722 83883 64502
2469 16
86317 73854 34662 54421 5896 74864 11524 96531 44924 36752 93744 27883 49953 79315 26746 6464
2652 11
97610 15933 18261 32025 72874 78132 29370 6282 9555 44037 44015
2939 14
30921 84899 18480 2103 40020 52255 75155 56119 72772 54338 7157 87799 5780 1491
3631 18
38570 98018 22204 38287 10740 17385 30003 81815 35970 75181 36304 87023 1781 71793 5247 59953 74215 72846
4112 17
97269 25227 83383 80378 76271 83922 33472 57877 11405 35176 24275 61437 58297 43990 63556 77985 47326
5810 9
20706 33316 21658 72563 33201 42687 89251 1738 81181
6386 19
75592 92510 47838 21442 67022 18813 12391 92858 82279 17571 82554 7461 7029 32684 621 97398 52829 89723 62558
6783 20
93397 78884 72909 48011 14535 40594 95679 4424 28203 91201 11296 25093 73582 32977 98215 35261 72322 23615 89619 83927
8050 15
64636 46705 19454 66222 67965 15211 33623 69010 24012 66698 46657 44068 95801 92318 59568
8226 17
92644 87288 96831 5043 35256 28713 38315 36534 58827 93426 36353 35208 48737 43378 73061 96850 72701
8283 13
77406 50471 40749 70500 92779 40015 22332 70909 45569 23585 21609 46851 33429
8285 15
4831 24119 87702 1485 9025 89601 76510 18509 92191 11188 53791 7670 52307 69498 52116
9053 17
33467 10379 49521 4731 54014 47704 61275 47352 91513 64135 16360 10925 55086 89256 70739 28469 40112
141 11
40089 7620 43615 85798 98495 18494 15037 49240 69461 72581 62046
1229 18
50617 49967 44421 62565 24747 12490 61924 94242 12197 88202 28791 58254 39265 61897 33892 27440 23031 18369
1737 18
84139 64856 87758 69973 48526 67015 29343 92817 19053 99091 53341 35134 78409 77425 84785 36851 83775 56260
3148 15
11718 79450 23176 84758 28169 22278 51934 29276 92478 55312 70632 26279 7327 2456 95659
3245 10
47970 21367 74521 79683 27735 4775 84134 82553 95794 56437
4589 12
7879 97242 28173 65999 50665 5277 72227 77656 75880 18302 94947 18899
4592 18
38153 21808 11537 46463 16327 71416 96522 43036 64318 28808 92384 15511 6783 34274 87819 12801 73359 26132
5263 17
6809 16925 37911 52908 26373 13124 71277 57073 84483 6095 56708 65429 88091 74841 80714 57743 90646
5569 16
6548 27543 45793 52238 72406 26050 56611 57672 35865 74749 31000 91690 7786 1489 34830 10523
7511 10
14606 68084 37417 91185 60489 39963 17845 83147 98620 10473
7555 13
78996 98233 75011 93760 68318 97690 76401 55604 70351 85511 41873 11257 36780
7709 12
10415 57033 64413 16602 7573 44135 51863 59139 99169 60267 32919 70990
2919 19
17601 68050 19783 36936 74147 66224 51871 82815 81337 5168 98171 431 82951 92868 44290 22337 90129 48185 74125
2977 18
56678 78981 89841 29082 54790 77734 75910 4172 96783 66648 86411 34519 39796 76428 23275 1931 88658 10617
2994 16
33461 96872 38556 83701 60416 28872 54857 88383 30788 11565 69950 44538 72842 61075 77155 39723
3202 14
36562 90609 22222 49915 16640 82037 59175 54147 25188 2317 84485 16343 46548 82697
6338 10
69117 73533 12917 69851 72385 35200 62019 6796 26437 34829
6636 18
54917 52518 86030 21594 7555 49846 36079 6040 22740 39508 59490 35674 64073 18748 30664 51055 84146 69392
6979 11
52068 29610 88793 94557 94136 66998 55466 57902 24871 79947 40562
7494 18
74394 72636 31175 66715 82664 51768 800 49671 17039 57248 4390 97195 80897 65148 79651 92977 93425 89904
7630 13
40068 3570 80295 22396 56971 96514 39499 44263 42978 81129 25212 31684 39548
9948 10
836 21252 18702 23222 15324 96914 18760 79026 5637 76143
1348 10
68601 88286 10734 43767 86527 50626 12029 10662 58448 63731
2097 10
83228 23814 88028 30077 82227 51894 86310 32372 2477 71393
2737 11
48180 5590 71082 36450 93063 96765 9794 10044 43556 18092 25603
4924 15
90804 46904 72076 16033 8038 92040 73900 56158 30959 8071 11553 45418 7650 93800 33525
9460 19
55815 86203 60057 22450 33828 19397 64821 68976 79611 26562 39035 63317 65611 85225 75304 52921 79870 10786 94419
350 14
92518 10086 90841 31738 19720 47784 78777 44180 72673 70325 25297 63623 15373 34688
973 12
51753 71274 19101 39537 10816 64125 84008 21348 85069 11071 17830 83395
1967 19
12683 93648 73285 16118 9519 14059 69655 16538 92937 4178 30236 45400 7362 38263 56863 41798 15857 11601 69754
2457 17
9951 30881 21912 71517 26993 14705 6572 57487 58181 13783 67875 2834 92957 36233 14885 25193 74264
3993 11
67352 50557 12941 85145 23516 20823 37883 25045 58174 91142 70419
6342 17
53002 5660 5886 33703 63709 73180 42703 76068 16822 39267 48163 99238 44500 83483 90642 37306 47927
6760 15
60182 7858 87155 89874 6665 47264 42113 99230 42091 17103 18642 72870 76664 43491 65945
9061 13
20639 29298 92582 2077 45973 36460 52171 83448 70949 58465 28552 14881 63287
2904 13
86137 35724 42635 3989 56567 97162 53766 5978 91986 18393 1466 77373 7594
4645 13
34360 79529 56378 27707 88758 39896 78649 87718 73248 68026 86428 17299 99576
