206
9566 19
59548 37217 91379 52936 12010 99440 21917 89874 28974 81930 93039 89597 60418 97293 91993 63823 15082 4865 76659
4705 13
19476 45367 43260 10304 22766 74657 10672 70888 63669 48689 54730 38440 15838
4871 15
79389 41639 5672 34943 49495 20544 20345 20126 66691 93240 51064 65272 60273 32816 59422
198 19
53855 51679 13603 47100 18316 24318 59880 91832 29602 29245 38953 73346 48987 34294 17413 32406 72893 40280 92195
7327 16
87620 11252 67173 85316 30736 51278 67634 93485 21297 70703 93320 74006 88347 87966 91204 11403
9772 17
78858 28274 94469 28662 3692 55375 14953 37701 7108 80946 87106 12197 77269 61470 89593 88888 11171
8917 14
91510 23305 96660 82868 26825 5891 84459 14803 88543 39064 88103 24827 50864 28234
5134 11
29746 61265 1014 37587 99727 92331 68218 84486 71378 35063 26691
2380 19
75490 75996 73610 84172 63258 28478 43904 5840 65232 28713 16183 96499 3281 47647 20072 68987 39951 18466 58299
1634 14
99987 72306 13196 74558 69733 92882 26921 25027 61764 82429 24525 80552 17648 71018
9829 19
53242 14081 63916 85931 73064 7193 23867 7541 17066 97190 32067 93052 31316 78073 865 39237 34701 85027 64416
3938 12
62875 85544 31344 26323 78349 70325 63427 45243 36197 58350 2418 63565
18 17
13373 66675 45583 57507 17985 77120 18403 74958 51760 95727 5445 88026 60299 49244 24925 68057 36492
9092 14
26332 99922 12661 31324 41654 91906 21611 41516 60717 61894 28107 70534 77485 23730
1023 11
37279 92596 8041 97877 53545 49709 35380 24086 83071 26567 44184
8738 12
72347 12746 16916 28826 35349 2465 17421 18181 44549 68995 11845 52253
8696 12
54561 34994 79888 82987 57859 51285 59009 45911 83250 65564 50439 53623
1161 19
5752 87948 33768 39858 68095 74930 64491 67375 77788 69921 44791 76477 88916 2533 10855 6322 25101 61413 79752
8758 20
25926 20382 33324 85492 82615 85419 23202 72460 74762 43188 59088 54599 40099 13124 61687 24160 79446 7245 40635 18672
6897 20
73687 60181 60367 53857 57734 92861 91440 65288 32155 85590 97234 8648 6589 88956 95134 83260 29793 698 81034 4855
4460 10
58729 93048 8643 33345 42053 13442 90719 65113 65994 67791
1949 12
42696 82871 64518 87354 63501 75576 85019 44236 24416 2547 6563 3094
1864 19
33714 28302 76563 2374 82779 97718 90042 46953 47803 8004 49368 90831 27806 13149 36505 98787 17302 90985 91000
7305 13
95881 76952 8269 33823 34257 91524 43088 88991 74011 18542 56180 81895 55913
7989 10
18059 46065 74221 98931 90730 43125 50245 48761 18820 41090
3953 15
51965 81378 26617 91079 3319 77531 64742 64886 55131 44938 58301 15926 77031 91122 40969
7281 20
35379 51182 35870 89686 4159 81386 54775 23893 38207 51525 14555 31832 27588 20048 32142 48942 61405 5888 33165 16613
1004 19
38872 59416 25983 426 90683 3416 6448 14072 61920 88733 30140 79857 9564 78659 12561 6089 73124 18402 1628
5724 15
58453 31342 39260 14947 96270 55191 65130 64285 19360 92168 18936 49647 31800 64489 30300
8617 15
93672 27886 46560 39400 3278 80827 7627 49098 65266 73876 13687 53004 26188 82592 74579
4059 19
2017 24071 76928 13805 30619 43789 43247 33644 63697 11497 98206 61742 18453 2725 98887 12532 84777 3150 87569
7819 13
12439 67923 41263 16306 9196 72963 46240 97583 98906 8718 76537 40199 7985
7368 13
7507 53240 57230 69695 33749 37487 42969 81506 64038 18501 70301 95813 96807
6241 20
78193 94189 56803 81538 60531 891 68389 42094 64707 17481 35648 30965 82491 45950 25318 61974 67908 33926 45846 59006
650 10
63531 90312 96351 96935 28828 12167 61363 94338 7684 10454
4193 18
72541 93637 72002 50567 82919 76880 67309 51043 44676 71008 82894 76528 8972 88307 72077 59233 76466 47017
2863 19
20733 97532 39989 78655 89239 18344 21323 47995 79718 26107 74950 16626 88742 63784 39224 23026 38691 89265 30405
8728 16
35972 19934 68406 35423 51705 89654 52030 8304 25374 20430 30413 91609 49900 3928 85025 94013
6063 12
46682 9840 12157 64756 30157 52688 19812 37960 63806 53400 77997 97984
587 10
89928 41474 7904 50899 57650 74126 82758 59672 27716 38039
2346 17
16549 22626 5542 1125 65556 86686 59967 52164 90514 90341 32942 39674 16562 31856 40676 26084 15777
177 20
55589 76411 81146 63486 27770 25605 55159 51559 8144 74910 53983 20278 58984 1441 41768 41057 51286 70149 2757 50686
8490 16
17467 4050 30133 79913 22499 12579 99040 70485 23833 84755 78184 72635 95491 74556 7502 41143
479 16
87460 40738 44932 13419 35906 4947 4903 31466 83030 32376 84170 36802 5488 29670 91515 83957
2882 10
28091 44657 49577 86741 34447 65710 26506 21785 79682 20810
7491 18
10459 71306 24927 19069 74306 85362 87851 64133 42085 63103 25165 99827 97603 40304 59910 71581 82168 75323
2415 11
67514 84554 86457 10844 33365 53784 80243 30385 31839 86061 39747
3612 18
84793 48008 32355 91890 70895 45934 39905 3833 88535 82956 27198 57440 45047 79538 92156 61460 58402 51185
1351 20
81262 60182 80618 14445 4163 59658 12347 43561 14134 20795 44806 20561 29593 80807 92554 35901 95500 83338 84699 5882
2732 18
69105 10563 22489 93648 91844 74192 44641 49694 2659 75463 87323 20797 5076 54879 50371 23226 38481 92847
5002 16
18151 94265 78724 38805 55930 32851 964 62641 26503 4295 21854 46405 94547 51513 89886 23965
3679 20
67246 15132 59586 22455 50910 55111 48757 6745 76499 71515 58641 58943 82367 92160 64188 4270 97638 75860 44075 84408
6550 12
483 40281 99229 38935 78288 84907 71665 73722 10191 2751 43362 60878
5804 11
73609 73481 59683 21435 66802 44669 72935 3059 52086 44307 18524
806 17
3194 79620 23157 2858 11168 5566 64895 5543 85028 49134 8127 13668 60485 657 24504 69284 23294
8149 10
94873 19800 88294 32377 82958 47354 54939 3380 3622 89679
752 17
5242 12430 78103 62124 78319 44069 49356 18713 73190 39285 56330 63734 86718 97876 74901 99623 95468
115 11
96715 71274 72368 96206 60050 2290 80442 97836 87042 6287 52496
5707 19
80579 42689 38110 73323 16812 10782 99266 26006 30218 83481 86814 72538 43684 44950 8920 8397 75991 92967 32152
5523 19
8870 50914 16316 6608 11089 45975 50921 75670 54156 74073 44476 17765 63190 20120 90124 61639 29033 7306 39149
555 17
41456 59223 32256 4101 76370 11511 81182 23853 67961 44332 34832 10875 44970 80912 34154 3645 23441
794 13
90784 92510 48357 88179 92124 89656 1316 25993 73503 63695 41036 11189 65240
627 12
88188 10519 60348 30696 39605 97000 5411 44257 737 53040 24207 104
5107 12
88702 8538 73019 97164 33637 66738 45774 704 94684 72058 50000 9526
1045 15
48409 4568 27290 7492 13568 11635 92716 18829 59227 3996 67087 53312 70134 48586 85635
399 10
53684 72649 95564 4726 1912 53669 7955 33464 8905 93754
5020 14
93867 10040 78650 21696 26707 35229 98876 44937 32581 88698 72747 41089 14277 92307
5348 15
27114 36474 35927 84044 17155 93033 34180 68112 37262 13134 23803 75673 96724 86727 65292
8279 19
85646 23975 78313 31461 89881 57694 90302 89449 78878 63330 51622 22533 62183 49799 46195 32858 28795 99216 33232
9918 17
42667 38045 95367 68978 99895 57825 22817 93059 99761 43702 62622 47204 86192 31766 77842 87675 17223
3548 15
71386 19309 1238 28992 81333 18705 69454 96350 73271 85791 48295 83717 27139 96578 83753
9255 11
73198 88119 70453 83654 65636 64686 61552 71254 2655 13991 20486
661 14
1601 84703 15552 87836 47617 29061 92079 17117 80393 58231 63085 15113 70576 21955
5023 10
93761 83770 9789 41921 92382 5781 99762 12380 56280 55011
81 18
37098 38343 94606 23427 57035 29400 96842 94978 91818 93600 28095 28629 53375 28621 32573 13447 98634 85842
5064 15
36581 93596 53303 95095 29962 65449 7473 7008 4524 44555 93693 47212 71161 35105 76810
1659 14
55109 73506 6143 95623 67090 90863 63071 38913 78475 38859 31887 60628 14552 18658
2786 14
25113 93027 56252 65001 76052 66807 83136 56147 18221 49855 18393 74664 91355 49560
5771 18
88523 18807 22066 53516 23043 78560 79803 95159 60123 20451 65990 20103 61465 41810 12040 62955 44084 65909
3428 17
43682 8975 37818 84984 45686 97490 93036 74103 82838 68336 60800 48546 92350 16591 57992 52315 59857
7175 13
49478 58361 58598 12976 43651 34583 70601 37051 91209 43258 37505 10665 50585
1653 17
84757 80378 13396 79659 49041 72084 8613 27731 73573 79780 65559 34950 95048 46510 27049 18042 9314
2754 11
71536 60537 84747 29978 26822 34537 98677 43937 18871 93489 83325
92 14
70445 1692 38153 55457 20320 15253 61427 1559 40466 79430 45472 8792 78382 97759
7193 15
29795 80550 99517 75695 78006 28565 99587 70577 95584 63838 97591 3066 38448 54180 17254
3546 20
23051 64186 41403 34286 1236 406 98447 69697 89745 10008 65571 58834 58432 8326 87734 9639 49261 96509 56385 52345
4074 9
69967 61337 48643 5615 38746 901 69678 66996 20983
2143 11
35923 19619 54571 10560 18774 24685 72041 1594 59372 48734 80426
8791 10
91995 34663 44925 19890 72568 55729 51244 91243 92386 44061
9447 10
3244 37157 48253 90323 41488 64382 16427 66632 85822 95519
9927 17
27268 33605 61303 16730 44183 69288 731 33601 20084 90792 64460 14089 1093 39229 66393 25088 35131
3944 16
55228 65052 81124 73402 77514 12622 31514 44653 26322 99111 42476 66941 76484 59154 15239 51520
111 10
76302 75827 28422 81657 24198 14751 61540 8106 10817 17584
6441 14
23650 20869 65670 73499 42312 31598 5773 66874 30494 15767 66509 62796 93035 83324
9128 16
27508 76036 18744 83270 22363 1059 62393 68403 38461 64619 35885 22673 69522 20548 52244 22660
3794 14
75537 41779 88184 93794 35667 61810 77190 72118 56392 37182 39843 20554 47192 56291
9053 13
79152 55273 30149 45484 41786 53782 70992 47356 82047 40682 39792 88709 48175
4758 13
47931 32374 2844 93305 73835 74511 56590 86905 29219 97768 33134 13480 467
2312 17
12111 81782 23863 57482 82870 1949 27531 80022 25208 8535 79375 49870 8733 43366 29389 19987 32242
7511 10
46074 19790 43071 99170 3960 40151 62665 76124 58726 22810
8226 15
42070 57084 92436 85015 83007 38018 1362 468 94163 60910 8006 89831 55240 23214 49890
2939 10
72861 32426 63527 47270 57291 66021 23842 81015 23426 64645
2652 19
35930 5281 32461 26796 39588 40269 19155 73051 5799 60534 69432 17075 47142 52328 50746 26935 25283 17245 44266
1642 14
42777 13112 11865 52569 56640 93789 25392 85298 37666 42398 60240 35945 19175 2257
4924 16
44168 37381 867 83826 90939 42314 90258 15034 26817 81712 38086 79646 96339 69355 6539 79917
2942 11
63599 34653 41419 43333 72939 44447 85404 53571 95796 62045 80448
7630 10
47588 77170 87996 39656 24707 6511 16188 85552 64217 69154
2737 17
27191 71791 82710 38770 20785 83160 25017 11660 81761 36183 71284 73213 11172 69280 6299 52025 36383
6871 15
41903 9101 23 14039 65998 76090 3052 33161 38705 78173 76361 57030 66142 16062 12311
3091 16
91242 86400 606 63707 49237 75378 44726 97304 38930 67142 23962 54362 98087 35710 25723 37546
7709 10
79546 5993 43857 84204 91697 16559 53964 36465 93878 49605
6229 16
35663 52550 8055 99125 32173 63541 32945 36420 62397 29134 28519 14206 55015 84606 7187 75820
7984 10
26972 34120 74068 86674 78333 74187 4388 32926 16261 13236
4439 11
76597 66296 45443 89314 40139 24216 79746 91731 80977 38363 45011
1427 15
89481 33538 18654 7751 98220 83751 86227 85312 28382 99269 17285 63905 2842 81832 97899
4330 11
51389 75509 47477 91748 30089 39884 69057 24103 30677 11620 49585
917 11
19268 66778 44258 38185 88317 154 1340 82077 10657 96374 91676
1109 17
45853 57718 37771 15787 26920 7200 44136 38786 94050 36009 56030 48889 90027 92112 40323 50177 46635
2469 15
81310 38144 15021 10582 69001 38510 70493 48853 52046 52687 49928 81907 89909 63228 2293
1283 12
40565 7848 48541 46943 30468 23752 43841 35009 50651 88115 10011 47090
1800 17
58559 64299 41736 12440 80110 31781 27322 46859 38004 79899 19853 725 4937 44293 46146 5696 37868
4592 19
34279 70399 68587 25547 45457 46395 59657 91031 14832 27469 30621 23745 16150 21619 5122 97489 97694 23923 50564
6313 18
50244 56677 17767 15907 36072 79175 64670 75668 20540 40743 4775 14621 44619 41493 5588 85252 41956 52116
1967 12
61989 93228 93664 3137 59599 81816 21798 24845 54690 41560 21316 63521
8887 19
30109 72656 90202 58415 97431 96652 22309 87567 75549 96518 16734 16110 77965 19142 48675 75825 75796 28001 43848
4589 19
93830 63739 10675 65560 70571 27357 43053 34705 77729 29876 43332 36148 51220 31170 1690 98225 65151 82388 2067
8981 15
36599 34627 66349 14201 7636 35386 19791 76363 68356 71408 40453 67258 14359 50196 3499
1760 15
38361 24828 48565 99749 45825 12320 46987 38728 72990 24304 28708 86399 55724 78571 32962
2904 14
99655 94389 62651 22670 78051 80374 36595 20040 91188 45028 84599 1235 25508 83893
8181 16
20439 4378 89906 46589 70122 34947 24706 73166 82980 63145 31646 18528 94243 86197 62722 21954
7360 17
98751 71808 5534 2467 57561 34907 27257 41079 50480 21592 85988 78681 50554 25699 44709 28830 98047
141 16
572 27645 65305 35584 7423 49884 67144 88453 95395 72854 20577 8516 8967 68058 46917 13957
6997 11
35688 69884 88186 63048 28156 28631 28894 71466 97972 54623 56941
349 15
99934 78906 44628 77137 61972 71511 79915 1141 93115 96530 22486 60295 20396 95489 68596
7358 17
18725 51955 1205 23400 51306 23237 7809 5461 92305 29548 24832 22910 25869 60397 99573 87663 16141
1229 15
30244 37343 39689 4444 97606 53003 11449 65602 54033 27697 55632 96756 60183 70555 14063
8384 18
30520 54203 13976 46107 54252 27165 30942 21136 55283 13806 60319 56588 21379 28423 91875 53384 82813 12109
9486 14
10883 72299 39342 89178 30075 31626 89733 82019 38151 53065 31857 71431 42701 37825
462 16
449 22770 34013 53082 33155 70525 86931 83227 56410 7223 95592 370 67989 48916 58878 24035
1195 16
30095 45434 57657 88380 54329 95274 99284 71469 63097 12543 48024 4559 32506 29180 77319 40100
4138 13
71884 79195 56611 88951 3046 39946 74485 88909 17242 69155 66344 29472 96796
4112 12
33492 1488 6728 89124 26058 65514 66295 86712 3361 96080 14456 54602
561 17
89074 42824 34734 14627 36728 35038 56395 38998 44522 11954 4916 61497 68429 56722 68857 48077 8051
6253 11
2870 45158 48806 9039 94646 57635 88891 66793 95830 6842 38416
906 20
97381 92904 75875 22116 72845 65068 51407 17196 14865 96386 81887 22669 22051 52863 29751 90229 52208 64025 88277 98786
8691 20
43974 76969 17633 39489 48043 88254 68716 88322 48680 86617 75993 82154 21335 72772 50060 86348 52742 1173 80082 80852
9027 17
9237 20624 73539 15614 9017 28014 98318 37540 99464 60281 59322 43696 57519 75389 1473 35138 96316
322 18
23432 19826 67204 68496 60395 39549 39314 30216 39191 18635 96648 94314 4816 32672 13431 18984 15674 29145
6129 15
1973 30791 59055 68577 57673 10128 93090 8044 81039 99509 48163 24787 53850 60893 89910
8178 10
99660 7580 71554 44909 85211 7841 67929 29187 10633 44962
1356 10
73797 93681 16388 72062 80409 3783 28233 7354 560 63779
3981 15
72438 27840 27920 57578 71781 23355 38491 63781 22863 51719 16334 33138 70097 97018 9608
1777 20
26264 82820 72959 37009 88267 81360 1016 32454 92498 28384 45069 88537 21746 15175 24574 63173 40967 61306 61127 75486
2994 12
94972 35441 42551 37542 13873 74002 10003 29701 26082 46852 51843 61035
6342 16
88554 31321 712 47629 71799 26899 26349 69047 40811 95431 93714 26861 94578 18125 64003 86118
7407 14
9249 62565 17659 68416 94495 44511 74289 23529 47800 44711 34858 48377 75894 56345
9100 15
56885 26620 48279 28758 33646 56382 30419 24601 86698 79466 21027 83841 47843 53818 37065
8449 16
82101 62375 51012 21254 25847 9894 971 66472 46280 49583 84526 16811 33774 80321 18939 55929
2610 10
30772 15589 20070 9165 65678 45487 40330 29334 29020 91496
5569 16
866 96021 59984 89281 88588 9417 11698 11005 16161 17069 48164 13035 66615 91551 40410 35001
6953 10
6893 25544 1010 43277 81624 2212 95029 465 58810 3424
2044 10
47626 33790 17495 34347 49660 16189 31147 89357 93851 62561
7494 11
56591 1938 94821 40182 22942 89086 15245 87019 1767 4599 21126
1617 12
77650 90128 97637 42035 73659 6312 88672 35291 38815 85917 90329 13629
2977 15
18253 64184 33422 68206 99901 98892 30195 24100 76684 61775 91174 93621 44889 27994 69327
7179 15
36444 57878 42536 1849 65440 8958 31907 27022 58371 29979 92054 50126 80551 33519 53241
4709 19
62208 8413 81593 50754 1434 18510 37819 9221 38646 95998 59424 39925 84228 70496 30345 150 87202 15603 57599
5810 15
57315 24228 17672 24257 76886 43515 84960 97887 18964 74655 19754 19740 92775 86310 99630
6338 11
79231 28290 28368 73292 11324 53367 29109 61970 65356 44964 19650
7075 10
30718 89919 67695 76717 76062 746 60399 35489 22083 63262
9423 11
65742 21621 49765 15987 84968 46552 52610 94600 36090 431 17882
2297 17
22312 86575 773 34910 84868 62599 89854 31915 1464 10193 30701 85733 37842 41216 10619 95129 22133
7261 16
14962 52309 51721 44593 80484 81903 27271 89640 28548 66 62052 78523 63660 65373 88807 74698
6006 16
83662 55906 79815 30557 60478 9708 19643 7953 31720 32186 80271 68249 69825 95392 5167 1403
3967 13
24397 85082 62993 8439 6784 95537 82216 79753 16807 21013 87970 37450 26869
2017 20
74515 17708 24743 20918 86601 33364 27625 2089 75689 885 89466 15528 84711 58953 64525 23520 95750 85173 55491 52592
2541 13
65706 40102 22987 18322 99027 25282 72520 76215 94413 18865 13300 23174 46865
4386 13
53737 32849 84295 96370 45883 66657 48507 83 52586 97810 30675 17944 34923
6054 19
63165 87886 43633 16683 2716 22998 90014 14092 99246 2443 10299 29378 5447 10145 31752 51478 73652 44582 66683
667 13
81929 69841 96736 19538 74295 45296 15487 47278 22951 8168 5722 16030 59458
69 10
63551 71772 47523 14457 27484 83949 61821 79933 49584 31825
5857 16
13327 6997 61126 13024 13647 4364 84783 71858 48663 56227 81212 55613 21515 82290 43291 12032
4979 11
47964 46700 64586 22823 97763 79643 34784 71029 88634 46836 19343
9367 16
49467 64203 44775 87841 5575 32137 2463 59506 80621 99000 54276 16536 54839 29822 19680 28657
9948 18
51553 34853 38092 58401 56668 88161 7264 49185 83312 87766 22364 32270 44610 92134 9468 74777 31847 62683
3148 18
23310 61435 20223 35463 52535 12940 95977 88417 13082 12077 98479 19164 99568 77494 91056 57011 7293 66503
7104 13
55346 24005 16720 59786 21108 24016 98036 82129 10172 19813 36202 63983 10284
5390 17
83339 12086 87084 62293 26838 5524 71093 91913 23535 43294 80284 977 91638 11986 78652 6778 1956
3631 12
61131 43317 93271 97996 58996 30846 79687 16878 96815 47782 16954 68037
3483 16
48491 98492 99651 69931 35538 65426 10102 3321 20113 66926 15973 53681 88388 84116 40765 20610
1789 11
70452 75850 32221 24850 72048 58066 62834 76209 82031 5685 71327
4319 14
51027 78174 116 74915 76699 43846 45696 68618 18859 35389 49454 78175 57412 87170
4847 13
12078 91105 5385 71272 36722 40055 37796 88392 55321 14259 70015 47648 42594
6644 15
15316 91483 21908 53488 95708 50592 56772 96823 49132 19761 59324 83238 59737 49748 79366
1996 14
56907 88865 27734 29991 81674 14464 59495 47338 29149 54759 54182 83248 16667 99486
5510 14
71753 31853 73992 94092 12541 7361 2700 15124 7779 27423 27732 29747 62081 6958
414 11
62838 10024 84445 15924 35388 29498 14766 52625 28692 96981 11374
2006 15
56665 99780 32285 3466 7190 98977 12922 16982 65604 28613 10898 35214 52003 2879 87650
7841 11
5565 52409 99093 10077 61839 74846 51385 85065 31017 46888 49342
8124 9
49646 12522 39255 10725 76226 79106 67149 86279 11047
4704 10
86276 66887 88212 36051 55212 18996 83633 57838 69858 22513
8005 11
55825 1678 20230 82358 4467 43276 86277 8101 19501 22769 90090
8530 12
7689 77835 28523 37747 80805 28331 54495 85203 84956 67544 28945 58134
6202 13
48990 27269 88859 85687 97192 26085 46575 86446 79399 29726 10155 74462 40115
7344 11
34359 33298 21465 85522 7011 87752 2683 30297 5087 60453 97453
3854 10
42998 4277 20628 87428 43126 28868 55742 65404 59355 34521
