47 100
ConnectLitev9
SundarA
GameProv3
PhilippY
DaydreamLitev7
BenjaminO
ShoppingProv8
FionaN PhilippI
ClassroomMaxv2
TatiyanaC SusanQ
SitesSv1
SergeyU ClementL
SlidesNextv2
JenZ PhilippH
AndroidTVMaxv5
HiroshiF SundarP PhilippK
MapsProv8
HiroshiW SergeyT BakhodirD
MarsXv1
PrabhakarR ClementT MichalB MatasH
StreamXv6
BakhodirW JenK SergeyN ClementM FionaJ
StreamXv9
LarryO
WebserverProv6
PhilippP
BuildMaxv1
MichalB RuthX NellyY BakhodirG SergeyV
FuchsiaXv6
SundarL SundarA
StreetViewXv1
TatiyanaC JenK FionaF
DocsNextv2
SundarP MatasC ClementL
GameLitev8
PhilippP PhilippK MatasW SergeyN
CastOSProv6
BakhodirD
GameProv6
LarryO SusanQ StefanQ
ShortsNextv7
FionaF PhilippY HiroshiF
AndroidAutoZv2
PhilippH JenK PhilippI LarryX SergeyU
ReleaseUltrav1
ClementT BakhodirD
ResearchXv8
SundarP ClementM BenjaminO MatasC ClementE
FeedBurnerMaxv3
TatiyanaC LarryO
GlassOSSv3
MatasW JenZ
ChromecastXv8
BenjaminT HiroshiF
ChromeOSLitev3
PhilippP HiroshiW PhilippY
CastOSLitev5
BakhodirD ClementM ClementM PetarF
CastOSXv6
LarryO SundarP LarryO BakhodirG StefanQ ClementL SundarA
FeedBurnerNextv3
FionaJ TatiyanaC MichalB MatasC SergeyN LarryX MichalB
StreetViewNextv3
SusanQ PhilippH JenZ
DriveZv9
NellyY HiroshiW HiroshiW
BloggerNextv8
PhilippP ClementE MatasW SundarL
SmartSv2
FionaF BakhodirW PhilippK BenjaminT FionaN
MarsLitev5
BakhodirD TatiyanaC
CalendarNextv8
BakhodirG MichalB
PhoneLitev3
MatasC PhilippH
ChatProv6
SergeyN JenZ SergeyN PetarF SundarA PetarF PrabhakarR ClementL SundarP
ExploreUltrav8
LarryX ClementM SundarL HiroshiF ClementT SusanQ ClementE
MapsUltrav3
TatiyanaC HiroshiW PhilippP
FuchsiaLitev6
PhilippY BenjaminT ThomasK FionaJ BenjaminO PhilippI SergeyV
SlidesUltrav7
BakhodirD FionaF MatasC MatasH BakhodirD RuthX MatasC
AndroidTVXv9
TatiyanaC MatasW SundarL MatasW
ChromeOSUltrav5
HiroshiB PhilippH SergeyU HiroshiW PhilippK ClementL
VideoUltrav1
SundarA PhilippP ClementM ClementT BakhodirW SundarA MichalB BakhodirG
CollectionsNextv1
TatiyanaC SergeyN MatasW SergeyN
ChromeNextv7
JenG BakhodirD PhilippY
SmartLitev9
JenZ ThomasK PhilippP
GlassOSLitev9
ClementT PetarF SundarA PhilippK PrabhakarR PhilippH
DatasetSearchNextv1
SergeyU HiroshiW FionaF HiroshiF BakhodirG HiroshiF ClementE
WearOSLitev5
NellyY LarryX TatiyanaC JenK PhilippI
DuoZv2
PhilippY SundarP FionaF
PhotoProv3
StefanQ HiroshiF BakhodirD SusanQ MichalP SergeyV SergeyU
FeedBurnerMaxv1
MichalB ThomasK ClementL PrabhakarR
StadiaZv1
TatiyanaC ClementM BenjaminT PhilippP
CollectionsZv7
HiroshiW SundarL LarryX PhilippI SundarA SergeyN FionaJ
GmailSv4
PetarF NellyY
GlassOSProv9
BakhodirD BakhodirD PrabhakarR ThomasK ClementL ClementL ThomasK
KeepXv5
PhilippP HiroshiF MichalP
VoiceProv8
MatasW ClementE JenK ClementM TatiyanaC
AlertsLitev7
SergeyN PrabhakarR StefanQ BenjaminT
DuoZv4
ThomasK SundarP LarryX FionaJ PhilippK RuthX ThomasM
AssistantUltrav2
MatasC SergeyU SergeyT MichalP BenjaminO PhilippP
ResearchUltrav8
HiroshiF BakhodirW JenG ClementM NellyY HiroshiF ClementE
ChatSv4
TatiyanaC BakhodirG PhilippP JenZ
SearchNextv1
SergeyV ThomasM MichalB SundarP ThomasK
StreetViewProv9
SundarA JenK ClementE MatasW HiroshiB PhilippK NellyY LarryO
StreetViewUltrav4
HiroshiW SergeyU JenZ
DreamSv2
SusanQ PhilippP SergeyN LarryO PhilippI MatasW
AlertsUltrav2
FionaN JenZ HiroshiW HiroshiW FionaJ SergeyU ClementM HiroshiB BakhodirG
MoonMaxv4
MichalP HiroshiW FionaF SundarA BenjaminO ThomasM SergeyT ThomasK PrabhakarR LarryX
SnapshotZv3
NellyX PhilippI PhilippP SundarP PhilippY PhilippY
StadiaZv2
BakhodirG JenZ MichalP FionaF ThomasK MatasH
SkyLitev6
TatiyanaC ThomasM PhilippI
LoggingLitev6
ClementM ClementL SundarP LarryO SergeyN BenjaminO ClementE PrabhakarR SundarP SusanQ
BuildLitev6
PetarF TatiyanaC HiroshiB PhilippI MichalB NellyY SergeyU FionaN PhilippK PhilippH
PhoneUltrav1
BenjaminO LarryO ThomasM BenjaminO SergeyT
SkySv8
JenK PrabhakarR JenK SundarL PhilippP PrabhakarR JenZ
SitesUltrav5
SergeyU PhilippI MatasW TatiyanaC LarryX StefanQ PhilippY SundarP
DuoLitev3
ClementT SergeyN ClementE PhilippP RuthX ThomasK
ChatXv5
SundarP PhilippK MichalB LarryO PrabhakarR SundarP BenjaminT SergeyU SergeyT BenjaminO
WearOSProv2
FionaN NellyY SundarL PhilippY FionaJ ThomasM MatasW PhilippH StefanQ
YouTubeZv2
ThomasK PhilippP LarryO PhilippP ThomasM SusanQ PhilippK
DrawingsXv6
JenZ MichalB SergeyU ClementE LarryX FionaN LarryX RuthX PhilippI PhilippI
CalendarProv3
NellyY SundarA PrabhakarR SergeyU ClementE LarryX SergeyN ClementL PhilippI PhilippI
PhoneXv6
MichalB HiroshiB ThomasK PhilippI MatasH RuthX TatiyanaC ThomasM
AndroidTVNextv1
JenK NellyX SundarL LarryO PhilippP ThomasM SergeyU SundarL
ExploreMaxv4
BenjaminT TatiyanaC PhilippK BenjaminT PhilippY PhilippY SergeyN SundarP ClementM
SantaTrackerXv4
HiroshiW ThomasM ClementE BakhodirG ClementL ClementT SergeyU PhilippH SusanQ MichalP
GmailLitev9
PhilippP PetarF ThomasK SergeyT PetarF MatasW LarryX PrabhakarR PetarF SergeyN
CultureProv7
MatasW TatiyanaC PhilippY SergeyU ClementT ThomasM BenjaminO ClementE
StadiaNextv9
PhilippH SusanQ SergeyN MatasH ClementL SergeyT MichalP FionaJ BenjaminT ThomasK
CastOSNextv8
LarryO LarryX ClementM BakhodirG ThomasM BenjaminO NellyY TatiyanaC
WebserverProv4
PrabhakarR NellyX PhilippP PhilippI PhilippH ClementE SergeyU MatasW PhilippY
MarsUltrav8
PhilippI SergeyU SusanQ PhilippP SergeyT BenjaminT RuthX PetarF MatasW
DataZv2
SusanQ ThomasM ClementM FionaF SergeyT PhilippH SergeyN SergeyT
DuoMaxv1
ClementT NellyY PhilippI PhilippP ClementL
MapsSv7
SundarA PhilippK FionaF LarryO ClementM ThomasK MatasW LarryX ClementE LarryX
ChartsProv9
RuthX SundarA SergeyV ClementM PhilippI PhilippY SusanQ PhilippI PhilippY SergeyU
